  [1m[35m (0.1ms)[0m  [1m[34mSELECT sqlite_version(*)[0m
  ↳ bin/rails:9
  [1m[35m (1.5ms)[0m  [1m[35mCREATE TABLE "schema_migrations" ("version" varchar NOT NULL PRIMARY KEY)[0m
  ↳ bin/rails:9
  [1m[35m (1.4ms)[0m  [1m[35mCREATE TABLE "ar_internal_metadata" ("key" varchar NOT NULL PRIMARY KEY, "value" varchar, "created_at" datetime NOT NULL, "updated_at" datetime NOT NULL)[0m
  ↳ bin/rails:9
  [1m[35m (0.2ms)[0m  [1m[34mSELECT "schema_migrations"."version" FROM "schema_migrations" ORDER BY "schema_migrations"."version" ASC[0m
  ↳ bin/rails:9
Migrating to CreateFiretrucks (20180703214107)
  [1m[35m (0.1ms)[0m  [1m[36mbegin transaction[0m
  ↳ bin/rails:9
  [1m[35m (0.6ms)[0m  [1m[35mCREATE TABLE "firetrucks" ("id" integer PRIMARY KEY AUTOINCREMENT NOT NULL, "name" varchar, "created_at" datetime NOT NULL, "updated_at" datetime NOT NULL)[0m
  ↳ db/migrate/20180703214107_create_firetrucks.rb:3
  [1m[36mActiveRecord::SchemaMigration Create (0.4ms)[0m  [1m[32mINSERT INTO "schema_migrations" ("version") VALUES (?)[0m  [["version", "20180703214107"]]
  ↳ bin/rails:9
  [1m[35m (5.1ms)[0m  [1m[36mcommit transaction[0m
  ↳ bin/rails:9
Migrating to CreateFirepeople (20180703214123)
  [1m[35m (0.1ms)[0m  [1m[36mbegin transaction[0m
  ↳ bin/rails:9
  [1m[35m (0.5ms)[0m  [1m[35mCREATE TABLE "firepeople" ("id" integer PRIMARY KEY AUTOINCREMENT NOT NULL, "name" varchar, "created_at" datetime NOT NULL, "updated_at" datetime NOT NULL)[0m
  ↳ db/migrate/20180703214123_create_firepeople.rb:3
  [1m[36mActiveRecord::SchemaMigration Create (0.2ms)[0m  [1m[32mINSERT INTO "schema_migrations" ("version") VALUES (?)[0m  [["version", "20180703214123"]]
  ↳ bin/rails:9
  [1m[35m (3.4ms)[0m  [1m[36mcommit transaction[0m
  ↳ bin/rails:9
  [1m[36mActiveRecord::InternalMetadata Load (0.2ms)[0m  [1m[34mSELECT  "ar_internal_metadata".* FROM "ar_internal_metadata" WHERE "ar_internal_metadata"."key" = ? LIMIT ?[0m  [["key", "environment"], ["LIMIT", 1]]
  ↳ bin/rails:9
  [1m[35m (0.1ms)[0m  [1m[36mbegin transaction[0m
  ↳ bin/rails:9
  [1m[36mActiveRecord::InternalMetadata Create (0.5ms)[0m  [1m[32mINSERT INTO "ar_internal_metadata" ("key", "value", "created_at", "updated_at") VALUES (?, ?, ?, ?)[0m  [["key", "environment"], ["value", "development"], ["created_at", "2018-07-03 21:49:12.436453"], ["updated_at", "2018-07-03 21:49:12.436453"]]
  ↳ bin/rails:9
  [1m[35m (26.6ms)[0m  [1m[36mcommit transaction[0m
  ↳ bin/rails:9
  [1m[35m (0.2ms)[0m  [1m[34mSELECT "schema_migrations"."version" FROM "schema_migrations" ORDER BY "schema_migrations"."version" ASC[0m
  ↳ bin/rails:9
  [1m[35m (0.2ms)[0m  [1m[34mSELECT "schema_migrations"."version" FROM "schema_migrations" ORDER BY "schema_migrations"."version" ASC[0m
  ↳ bin/rails:9
Migrating to AddFiretruckIdToFirepeople (20180703221441)
  [1m[35m (0.1ms)[0m  [1m[36mbegin transaction[0m
  ↳ bin/rails:9
  [1m[35m (1.2ms)[0m  [1m[35mALTER TABLE "firepeople" ADD "firetruck_id" integer[0m
  ↳ db/migrate/20180703221441_add_firetruck_id_to_firepeople.rb:3
  [1m[36mActiveRecord::SchemaMigration Create (0.2ms)[0m  [1m[32mINSERT INTO "schema_migrations" ("version") VALUES (?)[0m  [["version", "20180703221441"]]
  ↳ bin/rails:9
  [1m[35m (0.9ms)[0m  [1m[36mcommit transaction[0m
  ↳ bin/rails:9
  [1m[36mActiveRecord::InternalMetadata Load (0.2ms)[0m  [1m[34mSELECT  "ar_internal_metadata".* FROM "ar_internal_metadata" WHERE "ar_internal_metadata"."key" = ? LIMIT ?[0m  [["key", "environment"], ["LIMIT", 1]]
  ↳ bin/rails:9
  [1m[35m (0.1ms)[0m  [1m[36mbegin transaction[0m
  ↳ bin/rails:9
  [1m[35m (0.1ms)[0m  [1m[36mcommit transaction[0m
  ↳ bin/rails:9
  [1m[35m (0.1ms)[0m  [1m[34mSELECT "schema_migrations"."version" FROM "schema_migrations" ORDER BY "schema_migrations"."version" ASC[0m
  ↳ bin/rails:9
Started GET "/firetrucks/new" for 127.0.0.1 at 2018-07-03 18:18:16 -0400
  [1m[35m (0.1ms)[0m  [1m[34mSELECT "schema_migrations"."version" FROM "schema_migrations" ORDER BY "schema_migrations"."version" ASC[0m
  ↳ /Users/tashawn.williams/.rvm/gems/ruby-2.3.3/gems/activerecord-5.2.0/lib/active_record/log_subscriber.rb:98
Processing by FiretrucksController#new as HTML
  Rendering firetrucks/new.html.erb within layouts/application
  Rendered firetrucks/new.html.erb within layouts/application (69.1ms)
Completed 200 OK in 1662ms (Views: 1598.0ms | ActiveRecord: 3.3ms)


Started POST "/firetrucks" for 127.0.0.1 at 2018-07-03 18:18:24 -0400
Processing by FiretrucksController#create as HTML
  Parameters: {"utf8"=>"✓", "authenticity_token"=>"xuder5ZP3df3vPU25fqv7nh2qWSzRNB3hoFLLvN9ydvmc1R7JRTDbFFA3Zlvqj/LiWLPIVqlnym0nViZdiFzPA==", "firetruck"=>{"name"=>"Truck"}, "commit"=>"Create Firetruck"}
No template found for FiretrucksController#create, rendering head :no_content
Completed 204 No Content in 344ms (ActiveRecord: 0.0ms)


Started GET "/firetrucks/new" for 127.0.0.1 at 2018-07-03 18:20:51 -0400
Processing by FiretrucksController#new as HTML
  Rendering firetrucks/new.html.erb within layouts/application
  Rendered firetrucks/new.html.erb within layouts/application (4.1ms)
Completed 200 OK in 107ms (Views: 86.5ms | ActiveRecord: 2.6ms)


Started POST "/firetrucks" for 127.0.0.1 at 2018-07-03 18:20:57 -0400
Processing by FiretrucksController#create as HTML
  Parameters: {"utf8"=>"✓", "authenticity_token"=>"IRSt7tQ2FMJAT5+U8JdZYXegMRi7iAbwmcmF/mL4OB0BgKc6Z20Keeaztzt6x8lEhrRXXVJpSa6r1ZZJ56SC+g==", "firetruck"=>{"name"=>"truck"}, "commit"=>"Create Firetruck"}
  [1m[35m (0.1ms)[0m  [1m[36mbegin transaction[0m
  ↳ app/controllers/firetrucks_controller.rb:15
  [1m[36mFiretruck Create (1.2ms)[0m  [1m[32mINSERT INTO "firetrucks" ("name", "created_at", "updated_at") VALUES (?, ?, ?)[0m  [["name", "truck"], ["created_at", "2018-07-03 22:20:57.403782"], ["updated_at", "2018-07-03 22:20:57.403782"]]
  ↳ app/controllers/firetrucks_controller.rb:15
  [1m[35m (1.0ms)[0m  [1m[36mcommit transaction[0m
  ↳ app/controllers/firetrucks_controller.rb:15
Redirected to http://localhost:3000/firetrucks/1
Completed 302 Found in 10ms (ActiveRecord: 2.3ms)


Started GET "/firetrucks/1" for 127.0.0.1 at 2018-07-03 18:20:57 -0400
Processing by FiretrucksController#show as HTML
  Parameters: {"id"=>"1"}
  Rendering firetrucks/show.html.erb within layouts/application
  Rendered firetrucks/show.html.erb within layouts/application (0.3ms)
Completed 200 OK in 41ms (Views: 35.6ms | ActiveRecord: 0.0ms)


Started GET "/firetrucks/new" for 127.0.0.1 at 2018-07-03 18:51:07 -0400
Processing by FiretrucksController#new as HTML
  Rendering firetrucks/new.html.erb within layouts/application
  Rendered firetrucks/new.html.erb within layouts/application (2.5ms)
Completed 200 OK in 41ms (Views: 30.1ms | ActiveRecord: 0.6ms)


Started GET "/firepeople/new" for 127.0.0.1 at 2018-07-03 18:51:23 -0400
Processing by FirepeopleController#new as HTML
  Rendering firepeople/new.html.erb within layouts/application
  [1m[36mFiretruck Load (0.2ms)[0m  [1m[34mSELECT "firetrucks".* FROM "firetrucks"[0m
  ↳ app/views/firepeople/new.html.erb:6
  Rendered firepeople/new.html.erb within layouts/application (5.0ms)
Completed 200 OK in 44ms (Views: 30.7ms | ActiveRecord: 0.6ms)


Started GET "/firepeople/new" for 127.0.0.1 at 2018-07-03 18:51:50 -0400
Processing by FirepeopleController#new as HTML
  Rendering firepeople/new.html.erb within layouts/application
  [1m[36mFiretruck Load (0.2ms)[0m  [1m[34mSELECT "firetrucks".* FROM "firetrucks"[0m
  ↳ app/views/firepeople/new.html.erb:6
  Rendered firepeople/new.html.erb within layouts/application (4.7ms)
Completed 200 OK in 33ms (Views: 30.0ms | ActiveRecord: 0.2ms)


Started GET "/firepeople/new" for 127.0.0.1 at 2018-07-03 18:52:18 -0400
Processing by FirepeopleController#new as HTML
  Rendering firepeople/new.html.erb within layouts/application
  [1m[36mFiretruck Load (0.2ms)[0m  [1m[34mSELECT "firetrucks".* FROM "firetrucks"[0m
  ↳ app/views/firepeople/new.html.erb:6
  Rendered firepeople/new.html.erb within layouts/application (11.3ms)
Completed 200 OK in 67ms (Views: 54.5ms | ActiveRecord: 1.7ms)


Started POST "/firepeople" for 127.0.0.1 at 2018-07-03 18:52:21 -0400
Processing by FirepeopleController#create as HTML
  Parameters: {"utf8"=>"✓", "authenticity_token"=>"cEHEa41oHRr09pWc99ThasWqI8rw0Vrnn5/0jKwkEJ5Q1c6/PjMDoVIKvTN9hHFPNL5FjxkwFbmtg+c7KXiqeQ==", "fireperson"=>{"name"=>"test", "firetruck_id"=>"1"}, "commit"=>"Create Fireperson"}
Completed 500 Internal Server Error in 51631ms (ActiveRecord: 0.0ms)


  
SystemExit (exit):
  
(byebug):1:in `exit'
(byebug):1:in `create'
app/controllers/firepeople_controller.rb:16:in `create'
Started GET "/firepeople/new" for 127.0.0.1 at 2018-07-03 18:53:27 -0400
Processing by FirepeopleController#new as HTML
  Rendering firepeople/new.html.erb within layouts/application
  [1m[36mFiretruck Load (1.1ms)[0m  [1m[34mSELECT "firetrucks".* FROM "firetrucks"[0m
  ↳ app/views/firepeople/new.html.erb:6
  Rendered firepeople/new.html.erb within layouts/application (46.6ms)
Completed 200 OK in 859ms (Views: 844.7ms | ActiveRecord: 1.1ms)


Started POST "/firepeople" for 127.0.0.1 at 2018-07-03 18:53:31 -0400
Processing by FirepeopleController#create as HTML
  Parameters: {"utf8"=>"✓", "authenticity_token"=>"nNgyqZpj4TmoriTa3GtBET3FOdopTc8b+duC/8O/8Qa8TDh9KTj/gg5SDHVWO9E0zNFfn8CsgEXLx5FIRuNL4Q==", "fireperson"=>{"name"=>"test", "firetruck_id"=>"truck"}, "commit"=>"Create Fireperson"}
Started GET "/firepeople" for 127.0.0.1 at 2018-07-03 18:53:37 -0400
  [1m[35m (0.2ms)[0m  [1m[34mSELECT "schema_migrations"."version" FROM "schema_migrations" ORDER BY "schema_migrations"."version" ASC[0m
  ↳ /Users/tashawn.williams/.rvm/gems/ruby-2.3.3/gems/activerecord-5.2.0/lib/active_record/log_subscriber.rb:98
Processing by FirepeopleController#index as HTML
  Rendering firepeople/index.html.erb within layouts/application
  Rendered firepeople/index.html.erb within layouts/application (1.2ms)
Completed 200 OK in 249ms (Views: 238.1ms | ActiveRecord: 0.0ms)


Started GET "/firepeople/new" for 127.0.0.1 at 2018-07-03 18:53:40 -0400
Processing by FirepeopleController#new as HTML
  Rendering firepeople/new.html.erb within layouts/application
  [1m[36mFiretruck Load (0.1ms)[0m  [1m[34mSELECT "firetrucks".* FROM "firetrucks"[0m
  ↳ app/views/firepeople/new.html.erb:6
  Rendered firepeople/new.html.erb within layouts/application (17.6ms)
Completed 200 OK in 63ms (Views: 48.9ms | ActiveRecord: 1.3ms)


Started POST "/firepeople" for 127.0.0.1 at 2018-07-03 18:53:44 -0400
Processing by FirepeopleController#create as HTML
  Parameters: {"utf8"=>"✓", "authenticity_token"=>"PsVlvRuH4RUJVJcg0IsEeXf6o1LZu37GTZkMyHGYt1seUW9pqNz/rq+ov49a25Rchu7FFzBaMZh/hR9/9MQNvA==", "fireperson"=>{"name"=>"test", "firetruck_id"=>"truck"}, "commit"=>"Create Fireperson"}
Started GET "/firepeople/new" for 127.0.0.1 at 2018-07-03 18:54:34 -0400
  [1m[35m (0.1ms)[0m  [1m[34mSELECT "schema_migrations"."version" FROM "schema_migrations" ORDER BY "schema_migrations"."version" ASC[0m
  ↳ /Users/tashawn.williams/.rvm/gems/ruby-2.3.3/gems/activerecord-5.2.0/lib/active_record/log_subscriber.rb:98
Processing by FirepeopleController#new as HTML
  Rendering firepeople/new.html.erb within layouts/application
  [1m[36mFiretruck Load (0.2ms)[0m  [1m[34mSELECT "firetrucks".* FROM "firetrucks"[0m
  ↳ app/views/firepeople/new.html.erb:6
  Rendered firepeople/new.html.erb within layouts/application (21.1ms)
Completed 200 OK in 340ms (Views: 314.2ms | ActiveRecord: 1.9ms)


Started POST "/firepeople" for 127.0.0.1 at 2018-07-03 18:54:37 -0400
Processing by FirepeopleController#create as HTML
  Parameters: {"utf8"=>"✓", "authenticity_token"=>"jZ0U55hqZHW0tsNkWeoiZ+OP0YdxCPc21nYxWZ4cDSqtCR4zKzF6zhJK68vTurJCEpu3wpjpuGjkaiLuG0C3zQ==", "fireperson"=>{"name"=>"1"}, "commit"=>"Create Fireperson"}
